gEDA/gnetlist version 1.4.1.20080929
gEDA/gnetlist comes with ABSOLUTELY NO WARRANTY; see COPYING for more details.
This is free software, and you are welcome to redistribute it under certain
conditions; please see the COPYING file for more details.

Remember to check that your schematic has no errors using the drc2 backend.
You can do it running 'gnetlist -g drc2 your_schematic.sch -o drc_output.txt'
and seeing the contents of the file drc_output.txt.

Read system-gafrc file [/usr/share/gEDA/system-gafrc]
Did not find optional ~/.gEDA/gafrc file [/home/user1/.gEDA/gafrc]
Did not find optional local gafrc file [/home/user1/Documents/work/epl/equilizer/schematic-moreSMT/gafrc]
Read system-gnetlistrc file [/usr/share/gEDA/system-gnetlistrc]
Did not find optional ~/.gEDA/gnetlistrc file [/home/user1/.gEDA/gnetlistrc]
Did not find optional local gnetlistrc file [/home/user1/Documents/work/epl/equilizer/schematic-moreSMT/gnetlistrc]
Did not find specified gafrc file [/home/user1/Documents/work/epl/equilizer/schematic-moreSMT/gafrc]
Component [AMPHENOL_BNC_31-5431-pt2.sym] was not found in the component library
WARNING: Symbol version oddity on refdes CONN2:
	symversion=1.0 attached to instantiated symbol, but no symversion= inside symbol file
Read init scm file [/usr/share/gEDA/scheme/gnetlist.scm]
Read gsch2pcb scm file [/usr/share/gEDA/scheme/gnet-gsch2pcb.scm]
Read scm file [gnet-gsch2pcb-tmp.scm]
Read post traversal scm file [/usr/share/gEDA/scheme/gnetlist-post.scm]
